<?xml version="1.0" encoding="utf-8"?><testsuites name="pytest tests"><testsuite name="pytest" errors="0" failures="0" skipped="0" tests="9" time="1.435" timestamp="2026-03-02T17:10:12.634058+00:00" hostname="agent-env-dfef53fe-be61-48c7-a1f1-02dd2dffcdd7"><testcase classname="backend.tests.test_quote_api.TestHealthCheck" name="test_api_root" time="0.228" /><testcase classname="backend.tests.test_quote_api.TestQuoteEstimate" name="test_estimate_sedan_emergency_towing" time="0.152" /><testcase classname="backend.tests.test_quote_api.TestQuoteEstimate" name="test_estimate_suv_flatbed_scheduled" time="0.145" /><testcase classname="backend.tests.test_quote_api.TestQuoteEstimate" name="test_estimate_truck_accident_recovery" time="0.119" /><testcase classname="backend.tests.test_quote_api.TestQuoteEstimate" name="test_estimate_lockout_service" time="0.154" /><testcase classname="backend.tests.test_quote_api.TestQuoteEstimate" name="test_estimate_jump_start" time="0.112" /><testcase classname="backend.tests.test_quote_api.TestQuoteEstimate" name="test_estimate_motorcycle" time="0.125" /><testcase classname="backend.tests.test_quote_api.TestQuoteEstimate" name="test_estimate_long_distance" time="0.154" /><testcase classname="backend.tests.test_quote_api.TestQuoteRequest" name="test_submit_quote_request" time="0.135" /></testsuite></testsuites>