<?xml version="1.0" encoding="utf-8"?><testsuites name="pytest tests"><testsuite name="pytest" errors="0" failures="0" skipped="0" tests="8" time="1.661" timestamp="2026-06-10T02:57:28.705188+00:00" hostname="agent-env-513cbd93-a25d-4fb0-99bf-f70aaa373154"><testcase classname="backend.tests.test_leads" name="test_create_lead_returns_id" time="0.239" /><testcase classname="backend.tests.test_leads" name="test_get_lead_returns_full_record" time="0.184" /><testcase classname="backend.tests.test_leads" name="test_get_lead_invalid_id_returns_404" time="0.112" /><testcase classname="backend.tests.test_leads" name="test_admin_leads_requires_auth" time="0.120" /><testcase classname="backend.tests.test_leads" name="test_admin_leads_with_auth_returns_list" time="0.117" /><testcase classname="backend.tests.test_leads" name="test_delete_lead_with_auth" time="0.533" /><testcase classname="backend.tests.test_leads" name="test_create_lead_missing_required_fields_returns_422" time="0.117" /><testcase classname="backend.tests.test_leads" name="test_unguessable_id_format" time="0.111" /></testsuite></testsuites>